<?xml version="1.0" encoding="UTF-8"?>
<testsuite xmlns:xsi="http://www.w3.org/2001/XMLSchema-instance" xsi:noNamespaceSchemaLocation="https://maven.apache.org/surefire/maven-surefire-plugin/xsd/surefire-test-report-3.0.xsd" version="3.0" name="service.MedicamentServiceTest" time="0.089" tests="5" errors="0" skipped="0" failures="0">
  <properties>
[...]
</properties>
  <testcase name="updateStock_doitAppelerLeDao" classname="service.MedicamentServiceTest" time="0.006"/>
  <testcase name="stockCritique_quandNonCritique_neDoitPasNotifier" classname="service.MedicamentServiceTest" time="0.051"/>
  <testcase name="ajouter_doitInsererLeMedicamentEtEnregistrerUnHistorique" classname="service.MedicamentServiceTest" time="0.007"/>
  <testcase name="ajouter_medicamentIntrouvableApresInsertion_doitEnregistrerHistoriqueAvecIdInvalide" classname="service.MedicamentServiceTest" time="0.005"/>
  <testcase name="stockCritique_quandCritique_doitDeclencherUneNotification" classname="service.MedicamentServiceTest" time="0.013"/>
</testsuite>